<?xml version="1.0" encoding="UTF-8"?>
<testng-results ignored="0" total="1" passed="1" failed="0" skipped="0">
  <reporter-output>
  </reporter-output>
  <suite started-at="2025-02-10T00:32:49 IST" name="Suite" finished-at="2025-02-10T00:32:57 IST" duration-ms="7412">
    <groups>
    </groups>
    <test started-at="2025-02-10T00:32:49 IST" name="Test" finished-at="2025-02-10T00:32:57 IST" duration-ms="7412">
      <class name="Test_cases.LoginTest">
        <test-method is-config="true" signature="Setup()[pri:0, instance:Test_cases.LoginTest@40a4337a]" started-at="2025-02-10T00:32:49 IST" name="Setup" finished-at="2025-02-10T00:32:55 IST" duration-ms="5285" status="PASS">
          <reporter-output>
          </reporter-output>
        </test-method> <!-- Setup -->
        <test-method signature="loginTest()[pri:0, instance:Test_cases.LoginTest@40a4337a]" started-at="2025-02-10T00:32:55 IST" name="loginTest" finished-at="2025-02-10T00:32:57 IST" duration-ms="1865" status="PASS">
          <reporter-output>
          </reporter-output>
        </test-method> <!-- loginTest -->
        <test-method is-config="true" signature="Teardown()[pri:0, instance:Test_cases.LoginTest@40a4337a]" started-at="2025-02-10T00:32:57 IST" name="Teardown" finished-at="2025-02-10T00:32:57 IST" duration-ms="218" status="PASS">
          <reporter-output>
          </reporter-output>
        </test-method> <!-- Teardown -->
      </class> <!-- Test_cases.LoginTest -->
    </test> <!-- Test -->
  </suite> <!-- Suite -->
</testng-results>
